<!DOCTYPE html PUBLIC "-//W3C//DTD XHTML 1.1//EN" "http://www.w3.org/TR/xhtml11/DTD/xhtml11.dtd">
<html xmlns="http://www.w3.org/1999/xhtml"><head><title>TestNG Report</title><style type="text/css">table {margin-bottom:10px;border-collapse:collapse;empty-cells:show}th,td {border:1px solid #009;padding:.25em .5em}th {vertical-align:bottom}td {vertical-align:top}table a {font-weight:bold}.stripe td {background-color: #E6EBF9}.num {text-align:right}.passedodd td {background-color: #3F3}.passedeven td {background-color: #0A0}.skippedodd td {background-color: #DDD}.skippedeven td {background-color: #CCC}.failedodd td,.attn {background-color: #F33}.failedeven td,.stripe .attn {background-color: #D00}.stacktrace {white-space:pre;font-family:monospace}.totop {font-size:85%;text-align:center;border-bottom:2px solid #000}</style></head><body><table><tr><th>Test</th><th># Passed</th><th># Skipped</th><th># Failed</th><th>Time (ms)</th><th>Included Groups</th><th>Excluded Groups</th></tr><tr><th colspan="7">Default suite</th></tr><tr><td><a href="#t0">Default test</a></td><td class="num">0</td><td class="num attn">5</td><td class="num">0</td><td class="num">47,271</td><td></td><td></td></tr></table><table><thead><tr><th>Class</th><th>Method</th><th>Start</th><th>Time (ms)</th></tr></thead><tbody><tr><th colspan="4">Default suite</th></tr></tbody><tbody id="t0"><tr><th colspan="4">Default test &#8212; failed (configuration methods)</th></tr><tr class="failedeven"><td rowspan="1">com.qait.demo.tests.TestLevel2_GenericEcommerseSiteTest_Stubs_Written_Method_Needs_To_Be_Implemented</td><td><a href="#m0">Start_Test_Session</a></td><td rowspan="1">1477126166557</td><td rowspan="1">0</td></tr><tr><th colspan="4">Default test &#8212; skipped (configuration methods)</th></tr><tr class="skippedeven"><td rowspan="11">com.qait.demo.tests.TestLevel2_GenericEcommerseSiteTest_Stubs_Written_Method_Needs_To_Be_Implemented</td><td><a href="#m1">close_Test_Session</a></td><td rowspan="1">1477126213818</td><td rowspan="1">0</td></tr><tr class="skippedeven"><td><a href="#m2">handleTestMethodName</a></td><td rowspan="5">1477126213810</td><td rowspan="5">0</td></tr><tr class="skippedeven"><td><a href="#m3">handleTestMethodName</a></td></tr><tr class="skippedeven"><td><a href="#m4">handleTestMethodName</a></td></tr><tr class="skippedeven"><td><a href="#m5">handleTestMethodName</a></td></tr><tr class="skippedeven"><td><a href="#m6">handleTestMethodName</a></td></tr><tr class="skippedeven"><td><a href="#m7">take_screenshot_on_failure</a></td><td rowspan="5">1477126213817</td><td rowspan="5">0</td></tr><tr class="skippedeven"><td><a href="#m8">take_screenshot_on_failure</a></td></tr><tr class="skippedeven"><td><a href="#m9">take_screenshot_on_failure</a></td></tr><tr class="skippedeven"><td><a href="#m10">take_screenshot_on_failure</a></td></tr><tr class="skippedeven"><td><a href="#m11">take_screenshot_on_failure</a></td></tr><tr><th colspan="4">Default test &#8212; skipped</th></tr><tr class="skippedeven"><td rowspan="5">com.qait.demo.tests.TestLevel2_GenericEcommerseSiteTest_Stubs_Written_Method_Needs_To_Be_Implemented</td><td><a href="#m12">TestStep1_SearchProduct</a></td><td rowspan="1">1477126213801</td><td rowspan="1">1</td></tr><tr class="skippedeven"><td><a href="#m13">TestStep2_VerifySearchResult</a></td><td rowspan="1">1477126213804</td><td rowspan="1">1</td></tr><tr class="skippedeven"><td><a href="#m14">TestStep3_SelectFirstProduct</a></td><td rowspan="1">1477126213807</td><td rowspan="1">1</td></tr><tr class="skippedeven"><td><a href="#m15">TestStep4_AddProductToCart</a></td><td rowspan="1">1477126213811</td><td rowspan="1">1</td></tr><tr class="skippedeven"><td><a href="#m16">TestStep5_VerifyCart</a></td><td rowspan="1">1477126213815</td><td rowspan="1">1</td></tr></tbody></table><h2>Default test</h2><h3 id="m0">com.qait.demo.tests.TestLevel2_GenericEcommerseSiteTest_Stubs_Written_Method_Needs_To_Be_Implemented#Start_Test_Session</h3><table class="result"><tr><th>Exception</th></tr><tr><td><div class="stacktrace">org.openqa.selenium.WebDriverException: Failed to connect to binary FirefoxBinary(C:\Program Files\Mozilla Firefox\firefox.exe) on port 7055; process output follows: 
updateURL&quot;:null,&quot;updateKey&quot;:null,&quot;optionsURL&quot;:null,&quot;optionsType&quot;:null,&quot;aboutURL&quot;:null,&quot;icons&quot;:{&quot;32&quot;:&quot;icon.png&quot;,&quot;48&quot;:&quot;icon.png&quot;},&quot;iconURL&quot;:null,&quot;icon64URL&quot;:null,&quot;defaultLocale&quot;:{&quot;name&quot;:&quot;Default&quot;,&quot;description&quot;:&quot;The default theme.&quot;,&quot;creator&quot;:&quot;Mozilla&quot;,&quot;homepageURL&quot;:null,&quot;contributors&quot;:[&quot;Mozilla Contributors&quot;]},&quot;visible&quot;:true,&quot;active&quot;:true,&quot;userDisabled&quot;:false,&quot;appDisabled&quot;:false,&quot;descriptor&quot;:&quot;C:\\Program Files\\Mozilla Firefox\\browser\\extensions\\{972ce4c6-7e08-4474-a285-3208198ce6fd}.xpi&quot;,&quot;installDate&quot;:1477036274503,&quot;updateDate&quot;:1477036274503,&quot;applyBackgroundUpdates&quot;:1,&quot;skinnable&quot;:true,&quot;size&quot;:21905,&quot;sourceURI&quot;:null,&quot;releaseNotesURI&quot;:null,&quot;softDisabled&quot;:false,&quot;foreignInstall&quot;:false,&quot;hasBinaryComponents&quot;:false,&quot;strictCompatibility&quot;:true,&quot;locales&quot;:[],&quot;targetApplications&quot;:[{&quot;id&quot;:&quot;{ec8030f7-c20a-464f-9b0e-13a3a9e97384}&quot;,&quot;minVersion&quot;:&quot;49.0.2&quot;,&quot;maxVersion&quot;:&quot;49.0.2&quot;}],&quot;targetPlatforms&quot;:[],&quot;seen&quot;:true}
1477126168675	addons.xpi	DEBUG	getModTime: Recursive scan of {972ce4c6-7e08-4474-a285-3208198ce6fd}
1477126168676	DeferredSave.extensions.json	DEBUG	Save changes
1477126168676	addons.xpi	DEBUG	Updating database with changes to installed add-ons
1477126168676	addons.xpi-utils	DEBUG	Updating add-on states
1477126168678	addons.xpi-utils	DEBUG	Writing add-ons list
1477126168681	addons.xpi	DEBUG	Registering manifest for C:\Program Files\Mozilla Firefox\browser\features\e10srollout@mozilla.org.xpi
1477126168681	addons.xpi	DEBUG	Calling bootstrap method startup on e10srollout@mozilla.org version 1.3
1477126168682	addons.xpi	DEBUG	Registering manifest for C:\Program Files\Mozilla Firefox\browser\features\firefox@getpocket.com.xpi
1477126168682	addons.xpi	DEBUG	Calling bootstrap method startup on firefox@getpocket.com version 1.0.4
1477126168683	addons.xpi	DEBUG	Registering manifest for C:\Program Files\Mozilla Firefox\browser\features\webcompat@mozilla.org.xpi
1477126168684	addons.xpi	DEBUG	Calling bootstrap method startup on webcompat@mozilla.org version 1.0
1477126168686	addons.manager	DEBUG	Registering shutdown blocker for XPIProvider
1477126168686	addons.manager	DEBUG	Provider finished startup: XPIProvider
1477126168686	addons.manager	DEBUG	Starting provider: LightweightThemeManager
1477126168686	addons.manager	DEBUG	Registering shutdown blocker for LightweightThemeManager
1477126168687	addons.manager	DEBUG	Provider finished startup: LightweightThemeManager
1477126168687	addons.manager	DEBUG	Starting provider: GMPProvider
1477126168705	addons.manager	DEBUG	Registering shutdown blocker for GMPProvider
1477126168706	addons.manager	DEBUG	Provider finished startup: GMPProvider
1477126168706	addons.manager	DEBUG	Starting provider: PluginProvider
1477126168706	addons.manager	DEBUG	Registering shutdown blocker for PluginProvider
1477126168706	addons.manager	DEBUG	Provider finished startup: PluginProvider
1477126168707	addons.manager	DEBUG	Completed startup sequence
1477126169708	addons.manager	DEBUG	Starting provider: &lt;unnamed-provider&gt;
1477126169708	addons.manager	DEBUG	Registering shutdown blocker for &lt;unnamed-provider&gt;
1477126169709	addons.manager	DEBUG	Provider finished startup: &lt;unnamed-provider&gt;
1477126170230	DeferredSave.extensions.json	DEBUG	Write succeeded
1477126170230	addons.xpi-utils	DEBUG	XPI Database saved, setting schema version preference to 17
1477126170230	DeferredSave.extensions.json	DEBUG	Starting timer
1477126170240	addons.repository	DEBUG	No addons.json found.
1477126170241	DeferredSave.addons.json	DEBUG	Save changes
1477126170243	DeferredSave.addons.json	DEBUG	Starting timer
1477126170271	addons.manager	DEBUG	Starting provider: PreviousExperimentProvider
1477126170271	addons.manager	DEBUG	Registering shutdown blocker for PreviousExperimentProvider
1477126170272	addons.manager	DEBUG	Provider finished startup: PreviousExperimentProvider
1477126170277	DeferredSave.extensions.json	DEBUG	Starting write
1477126170303	DeferredSave.addons.json	DEBUG	Starting write
1477126170323	DeferredSave.extensions.json	DEBUG	Write succeeded
1477126170337	DeferredSave.addons.json	DEBUG	Write succeeded

Build info: version: &apos;2.53.1&apos;, revision: &apos;a36b8b1cd5757287168e54b817830adce9b0158d&apos;, time: &apos;2016-06-30 19:26:09&apos;
System info: host: &apos;ASDW0048&apos;, ip: &apos;10.0.14.64&apos;, os.name: &apos;Windows 8.1&apos;, os.arch: &apos;x86&apos;, os.version: &apos;6.3&apos;, java.version: &apos;1.8.0_102&apos;
Driver info: driver.version: FirefoxDriver
	at org.openqa.selenium.firefox.internal.NewProfileExtensionConnection.start(NewProfileExtensionConnection.java:125)
	at org.openqa.selenium.firefox.FirefoxDriver.startClient(FirefoxDriver.java:271)
	at org.openqa.selenium.remote.RemoteWebDriver.&lt;init&gt;(RemoteWebDriver.java:119)
	at org.openqa.selenium.firefox.FirefoxDriver.&lt;init&gt;(FirefoxDriver.java:216)
	at org.openqa.selenium.firefox.FirefoxDriver.&lt;init&gt;(FirefoxDriver.java:211)
	at org.openqa.selenium.firefox.FirefoxDriver.&lt;init&gt;(FirefoxDriver.java:207)
	at org.openqa.selenium.firefox.FirefoxDriver.&lt;init&gt;(FirefoxDriver.java:124)
	at com.qait.automation.WebDriverFactory.getFirefoxDriver(WebDriverFactory.java:96)
	at com.qait.automation.WebDriverFactory.getDriver(WebDriverFactory.java:31)
	at com.qait.automation.TestSessionInitiator._configureBrowser(TestSessionInitiator.java:77)
	at com.qait.automation.TestSessionInitiator.testInitiator(TestSessionInitiator.java:72)
	at com.qait.automation.TestSessionInitiator.&lt;init&gt;(TestSessionInitiator.java:67)
	at com.qait.demo.tests.TestLevel2_GenericEcommerseSiteTest_Stubs_Written_Method_Needs_To_Be_Implemented.Start_Test_Session(TestLevel2_GenericEcommerseSiteTest_Stubs_Written_Method_Needs_To_Be_Implemented.java:36)
	at sun.reflect.NativeMethodAccessorImpl.invoke0(Native Method)
	at sun.reflect.NativeMethodAccessorImpl.invoke(Unknown Source)
	at sun.reflect.DelegatingMethodAccessorImpl.invoke(Unknown Source)
	at java.lang.reflect.Method.invoke(Unknown Source)
	at org.testng.internal.MethodInvocationHelper.invokeMethod(MethodInvocationHelper.java:84)
	at org.testng.internal.Invoker.invokeConfigurationMethod(Invoker.java:564)
	at org.testng.internal.Invoker.invokeConfigurations(Invoker.java:213)
	at org.testng.internal.Invoker.invokeConfigurations(Invoker.java:138)
	at org.testng.internal.TestMethodWorker.invokeBeforeClassMethods(TestMethodWorker.java:175)
	at org.testng.internal.TestMethodWorker.run(TestMethodWorker.java:107)
	at org.testng.TestRunner.privateRun(TestRunner.java:767)
	at org.testng.TestRunner.run(TestRunner.java:617)
	at org.testng.SuiteRunner.runTest(SuiteRunner.java:334)
	at org.testng.SuiteRunner.runSequentially(SuiteRunner.java:329)
	at org.testng.SuiteRunner.privateRun(SuiteRunner.java:291)
	at org.testng.SuiteRunner.run(SuiteRunner.java:240)
	at org.testng.SuiteRunnerWorker.runSuite(SuiteRunnerWorker.java:52)
	at org.testng.SuiteRunnerWorker.run(SuiteRunnerWorker.java:86)
	at org.testng.TestNG.runSuitesSequentially(TestNG.java:1224)
	at org.testng.TestNG.runSuitesLocally(TestNG.java:1149)
	at org.testng.TestNG.run(TestNG.java:1057)
	at org.testng.remote.AbstractRemoteTestNG.run(AbstractRemoteTestNG.java:132)
	at org.testng.remote.RemoteTestNG.initAndRun(RemoteTestNG.java:236)
	at org.testng.remote.RemoteTestNG.main(RemoteTestNG.java:81)
Caused by: org.openqa.selenium.firefox.NotConnectedException: Unable to connect to host 127.0.0.1 on port 7055 after 45000 ms. Firefox console output:
updateURL&quot;:null,&quot;updateKey&quot;:null,&quot;optionsURL&quot;:null,&quot;optionsType&quot;:null,&quot;aboutURL&quot;:null,&quot;icons&quot;:{&quot;32&quot;:&quot;icon.png&quot;,&quot;48&quot;:&quot;icon.png&quot;},&quot;iconURL&quot;:null,&quot;icon64URL&quot;:null,&quot;defaultLocale&quot;:{&quot;name&quot;:&quot;Default&quot;,&quot;description&quot;:&quot;The default theme.&quot;,&quot;creator&quot;:&quot;Mozilla&quot;,&quot;homepageURL&quot;:null,&quot;contributors&quot;:[&quot;Mozilla Contributors&quot;]},&quot;visible&quot;:true,&quot;active&quot;:true,&quot;userDisabled&quot;:false,&quot;appDisabled&quot;:false,&quot;descriptor&quot;:&quot;C:\\Program Files\\Mozilla Firefox\\browser\\extensions\\{972ce4c6-7e08-4474-a285-3208198ce6fd}.xpi&quot;,&quot;installDate&quot;:1477036274503,&quot;updateDate&quot;:1477036274503,&quot;applyBackgroundUpdates&quot;:1,&quot;skinnable&quot;:true,&quot;size&quot;:21905,&quot;sourceURI&quot;:null,&quot;releaseNotesURI&quot;:null,&quot;softDisabled&quot;:false,&quot;foreignInstall&quot;:false,&quot;hasBinaryComponents&quot;:false,&quot;strictCompatibility&quot;:true,&quot;locales&quot;:[],&quot;targetApplications&quot;:[{&quot;id&quot;:&quot;{ec8030f7-c20a-464f-9b0e-13a3a9e97384}&quot;,&quot;minVersion&quot;:&quot;49.0.2&quot;,&quot;maxVersion&quot;:&quot;49.0.2&quot;}],&quot;targetPlatforms&quot;:[],&quot;seen&quot;:true}
1477126168675	addons.xpi	DEBUG	getModTime: Recursive scan of {972ce4c6-7e08-4474-a285-3208198ce6fd}
1477126168676	DeferredSave.extensions.json	DEBUG	Save changes
1477126168676	addons.xpi	DEBUG	Updating database with changes to installed add-ons
1477126168676	addons.xpi-utils	DEBUG	Updating add-on states
1477126168678	addons.xpi-utils	DEBUG	Writing add-ons list
1477126168681	addons.xpi	DEBUG	Registering manifest for C:\Program Files\Mozilla Firefox\browser\features\e10srollout@mozilla.org.xpi
1477126168681	addons.xpi	DEBUG	Calling bootstrap method startup on e10srollout@mozilla.org version 1.3
1477126168682	addons.xpi	DEBUG	Registering manifest for C:\Program Files\Mozilla Firefox\browser\features\firefox@getpocket.com.xpi
1477126168682	addons.xpi	DEBUG	Calling bootstrap method startup on firefox@getpocket.com version 1.0.4
1477126168683	addons.xpi	DEBUG	Registering manifest for C:\Program Files\Mozilla Firefox\browser\features\webcompat@mozilla.org.xpi
1477126168684	addons.xpi	DEBUG	Calling bootstrap method startup on webcompat@mozilla.org version 1.0
1477126168686	addons.manager	DEBUG	Registering shutdown blocker for XPIProvider
1477126168686	addons.manager	DEBUG	Provider finished startup: XPIProvider
1477126168686	addons.manager	DEBUG	Starting provider: LightweightThemeManager
1477126168686	addons.manager	DEBUG	Registering shutdown blocker for LightweightThemeManager
1477126168687	addons.manager	DEBUG	Provider finished startup: LightweightThemeManager
1477126168687	addons.manager	DEBUG	Starting provider: GMPProvider
1477126168705	addons.manager	DEBUG	Registering shutdown blocker for GMPProvider
1477126168706	addons.manager	DEBUG	Provider finished startup: GMPProvider
1477126168706	addons.manager	DEBUG	Starting provider: PluginProvider
1477126168706	addons.manager	DEBUG	Registering shutdown blocker for PluginProvider
1477126168706	addons.manager	DEBUG	Provider finished startup: PluginProvider
1477126168707	addons.manager	DEBUG	Completed startup sequence
1477126169708	addons.manager	DEBUG	Starting provider: &lt;unnamed-provider&gt;
1477126169708	addons.manager	DEBUG	Registering shutdown blocker for &lt;unnamed-provider&gt;
1477126169709	addons.manager	DEBUG	Provider finished startup: &lt;unnamed-provider&gt;
1477126170230	DeferredSave.extensions.json	DEBUG	Write succeeded
1477126170230	addons.xpi-utils	DEBUG	XPI Database saved, setting schema version preference to 17
1477126170230	DeferredSave.extensions.json	DEBUG	Starting timer
1477126170240	addons.repository	DEBUG	No addons.json found.
1477126170241	DeferredSave.addons.json	DEBUG	Save changes
1477126170243	DeferredSave.addons.json	DEBUG	Starting timer
1477126170271	addons.manager	DEBUG	Starting provider: PreviousExperimentProvider
1477126170271	addons.manager	DEBUG	Registering shutdown blocker for PreviousExperimentProvider
1477126170272	addons.manager	DEBUG	Provider finished startup: PreviousExperimentProvider
1477126170277	DeferredSave.extensions.json	DEBUG	Starting write
1477126170303	DeferredSave.addons.json	DEBUG	Starting write
1477126170323	DeferredSave.extensions.json	DEBUG	Write succeeded
1477126170337	DeferredSave.addons.json	DEBUG	Write succeeded

	at org.openqa.selenium.firefox.internal.NewProfileExtensionConnection.start(NewProfileExtensionConnection.java:113)
	... 36 more
</div></td></tr></table><p class="totop"><a href="#summary">back to summary</a></p><h3 id="m1">com.qait.demo.tests.TestLevel2_GenericEcommerseSiteTest_Stubs_Written_Method_Needs_To_Be_Implemented#close_Test_Session</h3><table class="result"></table><p class="totop"><a href="#summary">back to summary</a></p><h3 id="m2">com.qait.demo.tests.TestLevel2_GenericEcommerseSiteTest_Stubs_Written_Method_Needs_To_Be_Implemented#handleTestMethodName</h3><table class="result"></table><p class="totop"><a href="#summary">back to summary</a></p><h3 id="m3">com.qait.demo.tests.TestLevel2_GenericEcommerseSiteTest_Stubs_Written_Method_Needs_To_Be_Implemented#handleTestMethodName</h3><table class="result"></table><p class="totop"><a href="#summary">back to summary</a></p><h3 id="m4">com.qait.demo.tests.TestLevel2_GenericEcommerseSiteTest_Stubs_Written_Method_Needs_To_Be_Implemented#handleTestMethodName</h3><table class="result"></table><p class="totop"><a href="#summary">back to summary</a></p><h3 id="m5">com.qait.demo.tests.TestLevel2_GenericEcommerseSiteTest_Stubs_Written_Method_Needs_To_Be_Implemented#handleTestMethodName</h3><table class="result"></table><p class="totop"><a href="#summary">back to summary</a></p><h3 id="m6">com.qait.demo.tests.TestLevel2_GenericEcommerseSiteTest_Stubs_Written_Method_Needs_To_Be_Implemented#handleTestMethodName</h3><table class="result"></table><p class="totop"><a href="#summary">back to summary</a></p><h3 id="m7">com.qait.demo.tests.TestLevel2_GenericEcommerseSiteTest_Stubs_Written_Method_Needs_To_Be_Implemented#take_screenshot_on_failure</h3><table class="result"></table><p class="totop"><a href="#summary">back to summary</a></p><h3 id="m8">com.qait.demo.tests.TestLevel2_GenericEcommerseSiteTest_Stubs_Written_Method_Needs_To_Be_Implemented#take_screenshot_on_failure</h3><table class="result"></table><p class="totop"><a href="#summary">back to summary</a></p><h3 id="m9">com.qait.demo.tests.TestLevel2_GenericEcommerseSiteTest_Stubs_Written_Method_Needs_To_Be_Implemented#take_screenshot_on_failure</h3><table class="result"></table><p class="totop"><a href="#summary">back to summary</a></p><h3 id="m10">com.qait.demo.tests.TestLevel2_GenericEcommerseSiteTest_Stubs_Written_Method_Needs_To_Be_Implemented#take_screenshot_on_failure</h3><table class="result"></table><p class="totop"><a href="#summary">back to summary</a></p><h3 id="m11">com.qait.demo.tests.TestLevel2_GenericEcommerseSiteTest_Stubs_Written_Method_Needs_To_Be_Implemented#take_screenshot_on_failure</h3><table class="result"></table><p class="totop"><a href="#summary">back to summary</a></p><h3 id="m12">com.qait.demo.tests.TestLevel2_GenericEcommerseSiteTest_Stubs_Written_Method_Needs_To_Be_Implemented#TestStep1_SearchProduct</h3><table class="result"></table><p class="totop"><a href="#summary">back to summary</a></p><h3 id="m13">com.qait.demo.tests.TestLevel2_GenericEcommerseSiteTest_Stubs_Written_Method_Needs_To_Be_Implemented#TestStep2_VerifySearchResult</h3><table class="result"></table><p class="totop"><a href="#summary">back to summary</a></p><h3 id="m14">com.qait.demo.tests.TestLevel2_GenericEcommerseSiteTest_Stubs_Written_Method_Needs_To_Be_Implemented#TestStep3_SelectFirstProduct</h3><table class="result"></table><p class="totop"><a href="#summary">back to summary</a></p><h3 id="m15">com.qait.demo.tests.TestLevel2_GenericEcommerseSiteTest_Stubs_Written_Method_Needs_To_Be_Implemented#TestStep4_AddProductToCart</h3><table class="result"></table><p class="totop"><a href="#summary">back to summary</a></p><h3 id="m16">com.qait.demo.tests.TestLevel2_GenericEcommerseSiteTest_Stubs_Written_Method_Needs_To_Be_Implemented#TestStep5_VerifyCart</h3><table class="result"></table><p class="totop"><a href="#summary">back to summary</a></p></body></html>